{"level":"info","message":"Hello from Acquisitions!","service":"acquisitions-api"}
{"level":"info","message":"::1 - - [16/Nov/2025:22:14:09 +0000] \"GET / HTTP/1.1\" 304 - \"-\" \"Mozilla/5.0 (Windows NT 10.0; Win64; x64) AppleWebKit/537.36 (KHTML, like Gecko) Chrome/142.0.0.0 Safari/537.36\"","service":"acquisitions-api"}
{"level":"info","message":"Hello from Acquisitions!","service":"acquisitions-api"}
{"level":"info","message":"::1 - - [16/Nov/2025:22:14:09 +0000] \"GET / HTTP/1.1\" 304 - \"-\" \"Mozilla/5.0 (Windows NT 10.0; Win64; x64) AppleWebKit/537.36 (KHTML, like Gecko) Chrome/142.0.0.0 Safari/537.36\"","service":"acquisitions-api"}
{"level":"info","message":"Hello from Acquisitions!","service":"acquisitions-api"}
{"level":"info","message":"::1 - - [16/Nov/2025:22:19:51 +0000] \"GET / HTTP/1.1\" 304 - \"-\" \"Mozilla/5.0 (Windows NT 10.0; Win64; x64) AppleWebKit/537.36 (KHTML, like Gecko) Chrome/142.0.0.0 Safari/537.36\"","service":"acquisitions-api"}
{"level":"info","message":"Hello from Acquisitions!","service":"acquisitions-api"}
{"level":"info","message":"::1 - - [16/Nov/2025:22:19:51 +0000] \"GET / HTTP/1.1\" 304 - \"-\" \"Mozilla/5.0 (Windows NT 10.0; Win64; x64) AppleWebKit/537.36 (KHTML, like Gecko) Chrome/142.0.0.0 Safari/537.36\"","service":"acquisitions-api"}
{"level":"info","message":"::1 - - [16/Nov/2025:22:19:54 +0000] \"GET /api/auth/force-logout HTTP/1.1\" 404 160 \"-\" \"Mozilla/5.0 (Windows NT 10.0; Win64; x64) AppleWebKit/537.36 (KHTML, like Gecko) Chrome/142.0.0.0 Safari/537.36\"","service":"acquisitions-api"}
{"level":"info","message":"::1 - - [16/Nov/2025:22:19:56 +0000] \"GET /api HTTP/1.1\" 200 42 \"-\" \"Mozilla/5.0 (Windows NT 10.0; Win64; x64) AppleWebKit/537.36 (KHTML, like Gecko) Chrome/142.0.0.0 Safari/537.36\"","service":"acquisitions-api"}
{"level":"info","message":"::1 - - [16/Nov/2025:22:19:59 +0000] \"GET /api/sign-in HTTP/1.1\" 404 150 \"-\" \"Mozilla/5.0 (Windows NT 10.0; Win64; x64) AppleWebKit/537.36 (KHTML, like Gecko) Chrome/142.0.0.0 Safari/537.36\"","service":"acquisitions-api"}
{"level":"info","message":"::1 - - [16/Nov/2025:22:20:04 +0000] \"GET /api/auth/sign-in HTTP/1.1\" 404 155 \"-\" \"Mozilla/5.0 (Windows NT 10.0; Win64; x64) AppleWebKit/537.36 (KHTML, like Gecko) Chrome/142.0.0.0 Safari/537.36\"","service":"acquisitions-api"}
{"level":"info","message":"::1 - - [16/Nov/2025:22:20:05 +0000] \"GET /api/auth/sign-in HTTP/1.1\" 404 155 \"-\" \"Mozilla/5.0 (Windows NT 10.0; Win64; x64) AppleWebKit/537.36 (KHTML, like Gecko) Chrome/142.0.0.0 Safari/537.36\"","service":"acquisitions-api"}
{"level":"info","message":"::1 - - [16/Nov/2025:22:20:06 +0000] \"GET /api/auth/sign-in HTTP/1.1\" 404 155 \"-\" \"Mozilla/5.0 (Windows NT 10.0; Win64; x64) AppleWebKit/537.36 (KHTML, like Gecko) Chrome/142.0.0.0 Safari/537.36\"","service":"acquisitions-api"}
{"level":"info","message":"::1 - - [16/Nov/2025:22:22:27 +0000] \"POST /api/auth/sign-in HTTP/1.1\" 200 31 \"-\" \"HTTPie\"","service":"acquisitions-api"}
{"level":"info","message":"::1 - - [16/Nov/2025:22:22:44 +0000] \"POST /api/auth/sign-out HTTP/1.1\" 200 32 \"-\" \"HTTPie\"","service":"acquisitions-api"}
{"level":"info","message":"::1 - - [16/Nov/2025:22:22:46 +0000] \"POST /api/auth/sign-outt HTTP/1.1\" 404 158 \"-\" \"HTTPie\"","service":"acquisitions-api"}
{"level":"info","message":"::1 - - [16/Nov/2025:22:22:48 +0000] \"POST /api/auth/sign-out HTTP/1.1\" 200 32 \"-\" \"HTTPie\"","service":"acquisitions-api"}
{"level":"info","message":"::1 - - [16/Nov/2025:22:22:50 +0000] \"POST /api/auth/sign-in HTTP/1.1\" 200 31 \"-\" \"HTTPie\"","service":"acquisitions-api"}
{"level":"info","message":"::1 - - [16/Nov/2025:22:22:51 +0000] \"POST /api/auth/sign-up HTTP/1.1\" 200 31 \"-\" \"HTTPie\"","service":"acquisitions-api"}
{"level":"info","message":"::1 - - [16/Nov/2025:22:23:17 +0000] \"POST /health HTTP/1.1\" 404 146 \"-\" \"HTTPie\"","service":"acquisitions-api"}
{"level":"info","message":"::1 - - [16/Nov/2025:22:23:18 +0000] \"POST /health HTTP/1.1\" 404 146 \"-\" \"HTTPie\"","service":"acquisitions-api"}
{"level":"info","message":"::1 - - [16/Nov/2025:22:23:25 +0000] \"GET /health HTTP/1.1\" 200 74 \"-\" \"HTTPie\"","service":"acquisitions-api"}
{"level":"info","message":"::1 - - [16/Nov/2025:22:23:26 +0000] \"GET /health HTTP/1.1\" 200 75 \"-\" \"HTTPie\"","service":"acquisitions-api"}
{"level":"info","message":"::1 - - [16/Nov/2025:22:23:26 +0000] \"GET /health HTTP/1.1\" 200 75 \"-\" \"HTTPie\"","service":"acquisitions-api"}
{"level":"info","message":"::1 - - [16/Nov/2025:22:23:27 +0000] \"GET /health HTTP/1.1\" 200 75 \"-\" \"HTTPie\"","service":"acquisitions-api"}
{"level":"info","message":"::1 - - [16/Nov/2025:22:23:28 +0000] \"GET /health HTTP/1.1\" 200 75 \"-\" \"HTTPie\"","service":"acquisitions-api"}
{"level":"info","message":"::1 - - [16/Nov/2025:22:23:28 +0000] \"GET /health HTTP/1.1\" 200 75 \"-\" \"HTTPie\"","service":"acquisitions-api"}
{"level":"info","message":"::1 - - [16/Nov/2025:22:23:29 +0000] \"GET /health HTTP/1.1\" 200 75 \"-\" \"HTTPie\"","service":"acquisitions-api"}
{"level":"info","message":"::1 - - [16/Nov/2025:22:23:29 +0000] \"GET /health HTTP/1.1\" 200 75 \"-\" \"HTTPie\"","service":"acquisitions-api"}
{"level":"info","message":"::1 - - [22/Nov/2025:10:14:07 +0000] \"GET /signup HTTP/1.1\" 404 145 \"-\" \"HTTPie\"","service":"acquisitions-api"}
{"level":"info","message":"::1 - - [22/Nov/2025:10:14:14 +0000] \"POST /sign-up HTTP/1.1\" 404 147 \"-\" \"HTTPie\"","service":"acquisitions-api"}
{"level":"info","message":"::1 - - [22/Nov/2025:10:14:15 +0000] \"POST /sign-up HTTP/1.1\" 404 147 \"-\" \"HTTPie\"","service":"acquisitions-api"}
{"level":"info","message":"::1 - - [22/Nov/2025:10:14:34 +0000] \"POST /sign-up HTTP/1.1\" 404 147 \"-\" \"HTTPie\"","service":"acquisitions-api"}
{"level":"info","message":"::1 - - [22/Nov/2025:10:14:34 +0000] \"POST /sign-up HTTP/1.1\" 404 147 \"-\" \"HTTPie\"","service":"acquisitions-api"}
{"level":"info","message":"::1 - - [22/Nov/2025:10:14:35 +0000] \"POST /sign-up HTTP/1.1\" 404 147 \"-\" \"HTTPie\"","service":"acquisitions-api"}
{"level":"info","message":"::1 - - [22/Nov/2025:10:14:35 +0000] \"POST /sign-up HTTP/1.1\" 404 147 \"-\" \"HTTPie\"","service":"acquisitions-api"}
{"level":"info","message":"::1 - - [22/Nov/2025:10:14:35 +0000] \"POST /sign-up HTTP/1.1\" 404 147 \"-\" \"HTTPie\"","service":"acquisitions-api"}
{"level":"info","message":"::1 - - [22/Nov/2025:10:14:35 +0000] \"POST /sign-up HTTP/1.1\" 404 147 \"-\" \"HTTPie\"","service":"acquisitions-api"}
{"level":"info","message":"::1 - - [22/Nov/2025:10:14:51 +0000] \"POST /api/sign-up HTTP/1.1\" 404 151 \"-\" \"HTTPie\"","service":"acquisitions-api"}
{"level":"info","message":"::1 - - [22/Nov/2025:10:14:52 +0000] \"POST /api/sign-up HTTP/1.1\" 404 151 \"-\" \"HTTPie\"","service":"acquisitions-api"}
{"level":"info","message":"::1 - - [22/Nov/2025:10:14:52 +0000] \"POST /api/sign-up HTTP/1.1\" 404 151 \"-\" \"HTTPie\"","service":"acquisitions-api"}
{"level":"info","message":"::1 - - [22/Nov/2025:10:14:52 +0000] \"POST /api/sign-up HTTP/1.1\" 404 151 \"-\" \"HTTPie\"","service":"acquisitions-api"}
{"level":"info","message":"::1 - - [22/Nov/2025:10:14:52 +0000] \"POST /api/sign-up HTTP/1.1\" 404 151 \"-\" \"HTTPie\"","service":"acquisitions-api"}
{"level":"info","message":"::1 - - [22/Nov/2025:10:14:53 +0000] \"POST /api/sign-up HTTP/1.1\" 404 151 \"-\" \"HTTPie\"","service":"acquisitions-api"}
{"level":"info","message":"::1 - - [22/Nov/2025:10:14:53 +0000] \"POST /api/sign-up HTTP/1.1\" 404 151 \"-\" \"HTTPie\"","service":"acquisitions-api"}
{"level":"info","message":"::1 - - [22/Nov/2025:10:14:57 +0000] \"POST /api/auth/sign-up HTTP/1.1\" 200 31 \"-\" \"HTTPie\"","service":"acquisitions-api"}
{"level":"info","message":"::1 - - [22/Nov/2025:10:14:58 +0000] \"POST /api/auth/sign-up HTTP/1.1\" 200 31 \"-\" \"HTTPie\"","service":"acquisitions-api"}
{"level":"info","message":"::1 - - [22/Nov/2025:10:15:18 +0000] \"POST /api/auth/sign-up HTTP/1.1\" 400 92 \"-\" \"HTTPie\"","service":"acquisitions-api"}
{"level":"info","message":"::1 - - [22/Nov/2025:10:16:13 +0000] \"POST /api/auth/sign-up HTTP/1.1\" 400 144 \"-\" \"HTTPie\"","service":"acquisitions-api"}
{"level":"info","message":"::1 - - [22/Nov/2025:10:16:30 +0000] \"POST /api/auth/sign-up HTTP/1.1\" 400 58 \"-\" \"HTTPie\"","service":"acquisitions-api"}
{"level":"info","message":"::1 - - [22/Nov/2025:10:16:37 +0000] \"POST /api/auth/sign-up HTTP/1.1\" 400 58 \"-\" \"HTTPie\"","service":"acquisitions-api"}
{"level":"info","message":"User signed up: contact@gio.com with role: user","service":"acquisitions-api"}
{"level":"info","message":"::1 - - [22/Nov/2025:10:16:39 +0000] \"POST /api/auth/sign-up HTTP/1.1\" 201 116 \"-\" \"HTTPie\"","service":"acquisitions-api"}
{"level":"info","message":"::1 - - [22/Nov/2025:10:30:30 +0000] \"POST /api/auth/sign-up HTTP/1.1\" 400 58 \"-\" \"HTTPie\"","service":"acquisitions-api"}
{"level":"info","message":"New user created: gnakhutsrishvili10@gmail.com with role: admin","service":"acquisitions-api"}
{"level":"info","message":"User signed up: gnakhutsrishvili10@gmail.com with role: admin","service":"acquisitions-api"}
{"level":"info","message":"::1 - - [22/Nov/2025:10:30:39 +0000] \"POST /api/auth/sign-up HTTP/1.1\" 201 129 \"-\" \"HTTPie\"","service":"acquisitions-api"}
{"cause":{"code":"23505","constraint":"users_email_unique","detail":"Key (email)=(gnakhutsrishvili10@gmail.com) already exists.","file":"nbtinsert.c","line":"667","name":"NeonDbError","routine":"_bt_check_unique","schema":"public","severity":"ERROR","table":"users"},"level":"error","message":"Create user error:  Failed query: insert into \"users\" (\"id\", \"name\", \"email\", \"password\", \"role\", \"created_at\", \"updated_at\") values (default, $1, $2, $3, $4, default, default) returning \"id\", \"name\", \"email\", \"role\", \"created_at\"\nparams: Giorgi123,gnakhutsrishvili10@gmail.com,$2b$10$p6LlUK3orvZZgbUE3ThrvuLha3.iIagptWSti9Yk2fbq6nY2K.yqe,user","params":["Giorgi123","gnakhutsrishvili10@gmail.com","$2b$10$p6LlUK3orvZZgbUE3ThrvuLha3.iIagptWSti9Yk2fbq6nY2K.yqe","user"],"query":"insert into \"users\" (\"id\", \"name\", \"email\", \"password\", \"role\", \"created_at\", \"updated_at\") values (default, $1, $2, $3, $4, default, default) returning \"id\", \"name\", \"email\", \"role\", \"created_at\"","service":"acquisitions-api","stack":"Error: Failed query: insert into \"users\" (\"id\", \"name\", \"email\", \"password\", \"role\", \"created_at\", \"updated_at\") values (default, $1, $2, $3, $4, default, default) returning \"id\", \"name\", \"email\", \"role\", \"created_at\"\nparams: Giorgi123,gnakhutsrishvili10@gmail.com,$2b$10$p6LlUK3orvZZgbUE3ThrvuLha3.iIagptWSti9Yk2fbq6nY2K.yqe,user\n    at NeonHttpPreparedQuery.queryWithCache (file:///C:/Users/Giorgi/Desktop/acquisitions/node_modules/drizzle-orm/pg-core/session.js:41:15)\n    at process.processTicksAndRejections (node:internal/process/task_queues:105:5)\n    at async NeonHttpPreparedQuery.execute (file:///C:/Users/Giorgi/Desktop/acquisitions/node_modules/drizzle-orm/neon-http/session.js:45:20)\n    at async createUser (file:///C:/Users/Giorgi/Desktop/acquisitions/src/services/auth.service.js:30:23)\n    at async signup (file:///C:/Users/Giorgi/Desktop/acquisitions/src/controllers/auth.controller.js:22:18)"}
{"level":"error","message":"Signup error:  Error creating user","service":"acquisitions-api","stack":"Error: Error creating user\n    at createUser (file:///C:/Users/Giorgi/Desktop/acquisitions/src/services/auth.service.js:50:11)\n    at process.processTicksAndRejections (node:internal/process/task_queues:105:5)\n    at async signup (file:///C:/Users/Giorgi/Desktop/acquisitions/src/controllers/auth.controller.js:22:18)"}
{"level":"info","message":"::1 - - [22/Nov/2025:10:31:03 +0000] \"POST /api/auth/sign-up HTTP/1.1\" 500 483 \"-\" \"HTTPie\"","service":"acquisitions-api"}
{"level":"info","message":"::1 - - [22/Nov/2025:10:31:10 +0000] \"POST /api/auth/sign-up HTTP/1.1\" 400 63 \"-\" \"HTTPie\"","service":"acquisitions-api"}
{"level":"info","message":"New user created: gnakhutsrishvili1011@gmail.com with role: user","service":"acquisitions-api"}
{"level":"info","message":"User signed up: gnakhutsrishvili1011@gmail.com with role: user","service":"acquisitions-api"}
{"level":"info","message":"::1 - - [22/Nov/2025:10:31:20 +0000] \"POST /api/auth/sign-up HTTP/1.1\" 201 131 \"-\" \"HTTPie\"","service":"acquisitions-api"}
{"level":"info","message":"User authenticated: gnakhutsrishvili1011@gmail.com","service":"acquisitions-api"}
{"level":"info","message":"User signed in: gnakhutsrishvili1011@gmail.com","service":"acquisitions-api"}
{"level":"info","message":"::1 - - [22/Nov/2025:10:44:53 +0000] \"POST /api/auth/sign-in HTTP/1.1\" 200 131 \"-\" \"HTTPie\"","service":"acquisitions-api"}
{"level":"info","message":"User signed out","service":"acquisitions-api"}
{"level":"info","message":"::1 - - [22/Nov/2025:10:45:07 +0000] \"POST /api/auth/sign-out HTTP/1.1\" 200 42 \"-\" \"HTTPie\"","service":"acquisitions-api"}
{"level":"info","message":"User signed out","service":"acquisitions-api"}
{"level":"info","message":"::1 - - [22/Nov/2025:10:45:10 +0000] \"POST /api/auth/sign-out HTTP/1.1\" 200 42 \"-\" \"HTTPie\"","service":"acquisitions-api"}
{"level":"info","message":"::1 - - [22/Nov/2025:11:01:56 +0000] \"GET /health HTTP/1.1\" 200 74 \"-\" \"HTTPie\"","service":"acquisitions-api"}
{"level":"info","message":"::1 - - [22/Nov/2025:11:03:07 +0000] \"GET /health HTTP/1.1\" 200 75 \"-\" \"HTTPie\"","service":"acquisitions-api"}
{"level":"info","message":"::1 - - [22/Nov/2025:11:03:07 +0000] \"GET /health HTTP/1.1\" 200 75 \"-\" \"HTTPie\"","service":"acquisitions-api"}
{"level":"info","message":"::1 - - [22/Nov/2025:11:03:07 +0000] \"GET /health HTTP/1.1\" 200 75 \"-\" \"HTTPie\"","service":"acquisitions-api"}
{"level":"info","message":"::1 - - [22/Nov/2025:11:03:08 +0000] \"GET /health HTTP/1.1\" 200 75 \"-\" \"HTTPie\"","service":"acquisitions-api"}
{"level":"info","message":"::1 - - [22/Nov/2025:11:03:08 +0000] \"GET /health HTTP/1.1\" 200 75 \"-\" \"HTTPie\"","service":"acquisitions-api"}
{"ip":"::1","level":"warn","message":"Rate limit exceeded","path":"/health","role":"guest","service":"acquisitions-api","userAgent":"HTTPie"}
{"level":"info","message":"::1 - - [22/Nov/2025:11:03:09 +0000] \"GET /health HTTP/1.1\" 403 65 \"-\" \"HTTPie\"","service":"acquisitions-api"}
{"ip":"::1","level":"warn","message":"Rate limit exceeded","path":"/health","role":"guest","service":"acquisitions-api","userAgent":"HTTPie"}
{"level":"info","message":"::1 - - [22/Nov/2025:11:03:09 +0000] \"GET /health HTTP/1.1\" 403 65 \"-\" \"HTTPie\"","service":"acquisitions-api"}
{"ip":"::1","level":"warn","message":"Rate limit exceeded","path":"/health","role":"guest","service":"acquisitions-api","userAgent":"HTTPie"}
{"level":"info","message":"::1 - - [22/Nov/2025:11:03:09 +0000] \"GET /health HTTP/1.1\" 403 65 \"-\" \"HTTPie\"","service":"acquisitions-api"}
{"ip":"::1","level":"warn","message":"Rate limit exceeded","path":"/health","role":"guest","service":"acquisitions-api","userAgent":"HTTPie"}
{"level":"info","message":"::1 - - [22/Nov/2025:11:03:10 +0000] \"GET /health HTTP/1.1\" 403 65 \"-\" \"HTTPie\"","service":"acquisitions-api"}
{"ip":"::1","level":"warn","message":"Rate limit exceeded","path":"/health","role":"guest","service":"acquisitions-api","userAgent":"HTTPie"}
{"level":"info","message":"::1 - - [22/Nov/2025:11:03:10 +0000] \"GET /health HTTP/1.1\" 403 65 \"-\" \"HTTPie\"","service":"acquisitions-api"}
{"ip":"::1","level":"warn","message":"Rate limit exceeded","path":"/health","role":"guest","service":"acquisitions-api","userAgent":"HTTPie"}
{"level":"info","message":"::1 - - [22/Nov/2025:11:03:11 +0000] \"GET /health HTTP/1.1\" 403 65 \"-\" \"HTTPie\"","service":"acquisitions-api"}
{"ip":"::1","level":"warn","message":"Rate limit exceeded","path":"/health","role":"guest","service":"acquisitions-api","userAgent":"HTTPie"}
{"level":"info","message":"::1 - - [22/Nov/2025:11:03:11 +0000] \"GET /health HTTP/1.1\" 403 65 \"-\" \"HTTPie\"","service":"acquisitions-api"}
